  AntiAim.cpp
  Autowall.cpp
  Backtracking.cpp
  Chams.cpp
  Controls.cpp
  CreateMove.cpp
  Crosshair.cpp
  DLLMain.cpp
  DamageIndicators.cpp
  DoPostScreenEffects.cpp
  DrawManager.cpp
  DrawModelExecute.cpp
  ESP.cpp
  EnginePrediction.cpp
  Entities.cpp
  Events.cpp
  FakeLag.cpp
  FakeWalk.cpp
  FindMaterial.cpp
  FireEventClientSide.cpp
  Compiling...
  FrameStageNotify.cpp
  GUI.cpp
  Game.cpp
  GetViewmodelFov.cpp
  Hitmarkers.cpp
  Hooks.cpp
  Interfaces.cpp
  IsPlayingTimeDemo.cpp
  KnifeProxy.cpp
  Legitbot.cpp
  LinearExtraps.cpp
  LowerbodyProxy.cpp
  Menu.cpp
  MiscMovement.cpp
  Offsets.cpp
  OverrideView.cpp
  PaintTraverse.cpp
  PlaySound.cpp
  RageBot.cpp
  Resolver.cpp
  Compiling...
  RunCommand.cpp
  SceneEnd.cpp
  SequenceProxy.cpp
  Settings.cpp
  SkinChanger.cpp
  Spammers.cpp
  Vaults.cpp
  WallModulations.cpp
  mac.cpp
     Creating library .\release\yeticheat.lib and object .\release\yeticheat.exp
Resolver.obj : error LNK2001: unresolved external symbol "int Globals::missedshots" (?missedshots@Globals@@3HA)
.\release\yeticheat.dll : fatal error LNK1120: 1 unresolved externals
