c:\users\brody\desktop\yetiwskrrtmenu-master\release\vc141.pdb
c:\users\brody\desktop\yetiwskrrtmenu-master\release\esp.obj
c:\users\brody\desktop\yetiwskrrtmenu-master\release\entities.obj
c:\users\brody\desktop\yetiwskrrtmenu-master\release\engineprediction.obj
c:\users\brody\desktop\yetiwskrrtmenu-master\release\dumping.obj
c:\users\brody\desktop\yetiwskrrtmenu-master\release\drawmodelexecute.obj
c:\users\brody\desktop\yetiwskrrtmenu-master\release\drawmanager.obj
c:\users\brody\desktop\yetiwskrrtmenu-master\release\dopostscreeneffects.obj
c:\users\brody\desktop\yetiwskrrtmenu-master\release\dllmain.obj
c:\users\brody\desktop\yetiwskrrtmenu-master\release\debug_protection.obj
c:\users\brody\desktop\yetiwskrrtmenu-master\release\damageindicators.obj
c:\users\brody\desktop\yetiwskrrtmenu-master\release\crosshair.obj
c:\users\brody\desktop\yetiwskrrtmenu-master\release\createmove.obj
c:\users\brody\desktop\yetiwskrrtmenu-master\release\crc32.obj
c:\users\brody\desktop\yetiwskrrtmenu-master\release\controls.obj
c:\users\brody\desktop\yetiwskrrtmenu-master\release\checksum_md5.obj
c:\users\brody\desktop\yetiwskrrtmenu-master\release\characterset.obj
c:\users\brody\desktop\yetiwskrrtmenu-master\release\chams.obj
c:\users\brody\desktop\yetiwskrrtmenu-master\release\backtracking.obj
c:\users\brody\desktop\yetiwskrrtmenu-master\release\autowall.obj
c:\users\brody\desktop\yetiwskrrtmenu-master\release\antiaim.obj
c:\users\brody\desktop\yetiwskrrtmenu-master\release\mac.obj
c:\users\brody\desktop\yetiwskrrtmenu-master\release\lowerbodyproxy.obj
c:\users\brody\desktop\yetiwskrrtmenu-master\release\linearextraps.obj
c:\users\brody\desktop\yetiwskrrtmenu-master\release\legitbot.obj
c:\users\brody\desktop\yetiwskrrtmenu-master\release\knifeproxy.obj
c:\users\brody\desktop\yetiwskrrtmenu-master\release\isplayingtimedemo.obj
c:\users\brody\desktop\yetiwskrrtmenu-master\release\interfaces.obj
c:\users\brody\desktop\yetiwskrrtmenu-master\release\reflectiveloader.obj
c:\users\brody\desktop\yetiwskrrtmenu-master\release\hooks.obj
c:\users\brody\desktop\yetiwskrrtmenu-master\release\hitmarkers.obj
c:\users\brody\desktop\yetiwskrrtmenu-master\release\gui.obj
c:\users\brody\desktop\yetiwskrrtmenu-master\release\getviewmodelfov.obj
c:\users\brody\desktop\yetiwskrrtmenu-master\release\gamefunctions.obj
c:\users\brody\desktop\yetiwskrrtmenu-master\release\game.obj
c:\users\brody\desktop\yetiwskrrtmenu-master\release\framestagenotify.obj
c:\users\brody\desktop\yetiwskrrtmenu-master\release\fireeventclientside.obj
c:\users\brody\desktop\yetiwskrrtmenu-master\release\findmaterial.obj
c:\users\brody\desktop\yetiwskrrtmenu-master\release\fakewalk.obj
c:\users\brody\desktop\yetiwskrrtmenu-master\release\fakelag.obj
c:\users\brody\desktop\yetiwskrrtmenu-master\release\events.obj
c:\users\brody\desktop\yetiwskrrtmenu-master\release\spoofconvar.obj
c:\users\brody\desktop\yetiwskrrtmenu-master\release\spammers.obj
c:\users\brody\desktop\yetiwskrrtmenu-master\release\skinchanger.obj
c:\users\brody\desktop\yetiwskrrtmenu-master\release\settings.obj
c:\users\brody\desktop\yetiwskrrtmenu-master\release\sequenceproxy.obj
c:\users\brody\desktop\yetiwskrrtmenu-master\release\runcommand.obj
c:\users\brody\desktop\yetiwskrrtmenu-master\release\resolver.obj
c:\users\brody\desktop\yetiwskrrtmenu-master\release\rebuildgamemovement.obj
c:\users\brody\desktop\yetiwskrrtmenu-master\release\ragebot.obj
c:\users\brody\desktop\yetiwskrrtmenu-master\release\playsound.obj
c:\users\brody\desktop\yetiwskrrtmenu-master\release\painttraverse.obj
c:\users\brody\desktop\yetiwskrrtmenu-master\release\overrideview.obj
c:\users\brody\desktop\yetiwskrrtmenu-master\release\offsets.obj
c:\users\brody\desktop\yetiwskrrtmenu-master\release\nospread.obj
c:\users\brody\desktop\yetiwskrrtmenu-master\release\wallmodulations.obj
c:\users\brody\desktop\yetiwskrrtmenu-master\release\sceneend.obj
c:\users\brody\desktop\yetiwskrrtmenu-master\release\netvars.obj
c:\users\brody\desktop\yetiwskrrtmenu-master\release\netvarmanager.obj
c:\users\brody\desktop\yetiwskrrtmenu-master\release\metainfo.obj
c:\users\brody\desktop\yetiwskrrtmenu-master\release\menu.obj
c:\users\brody\desktop\yetiwskrrtmenu-master\release\window.obj
c:\users\brody\desktop\yetiwskrrtmenu-master\release\vector4d.obj
c:\users\brody\desktop\yetiwskrrtmenu-master\release\vaults.obj
c:\users\brody\desktop\yetiwskrrtmenu-master\release\utlstring.obj
c:\users\brody\desktop\yetiwskrrtmenu-master\release\utlbuffer.obj
c:\users\brody\desktop\yetiwskrrtmenu-master\release\utilities.obj
c:\users\brody\desktop\yetiwskrrtmenu-master\release\tinyxml2.obj
c:\users\brody\desktop\yetiwskrrtmenu-master\release\miscmovement.obj
c:\users\brody\desktop\yetiwskrrtmenu-master\release\yeticheat.exp
c:\users\brody\desktop\yetiwskrrtmenu-master\release\yeticheat.tlog\cl.command.1.tlog
c:\users\brody\desktop\yetiwskrrtmenu-master\release\yeticheat.tlog\cl.read.1.tlog
c:\users\brody\desktop\yetiwskrrtmenu-master\release\yeticheat.tlog\cl.write.1.tlog
c:\users\brody\desktop\yetiwskrrtmenu-master\release\yeticheat.tlog\link.command.1.tlog
c:\users\brody\desktop\yetiwskrrtmenu-master\release\yeticheat.tlog\link.read.1.tlog
c:\users\brody\desktop\yetiwskrrtmenu-master\release\yeticheat.tlog\link.write.1.tlog
